;File version: 8
;Flags:        compact-encoding 

00000000  halt 00000000

00000008  proc	; OnFilterScriptInit
0000000c  break
00000010  load.pri 0000001c
00000018  not
0000001c  jzer 000001dc
00000024  break
00000028  push.c 00000020
00000030  push.c 00000004
00000038  sysreq.c 00000000	; funcidx
00000040  stack 00000008
00000048  const.alt ffffffff
00000050  neq
00000054  stor.pri 00000000
0000005c  break
00000060  push.c 00000084
00000068  push.c 00000004
00000070  sysreq.c 00000000	; funcidx
00000078  stack 00000008
00000080  const.alt ffffffff
00000088  neq
0000008c  stor.pri 00000004
00000094  break
00000098  push.c 000000f4
000000a0  push.c 00000004
000000a8  sysreq.c 00000000	; funcidx
000000b0  stack 00000008
000000b8  const.alt ffffffff
000000c0  neq
000000c4  stor.pri 00000008
000000cc  break
000000d0  push.c 0000016c
000000d8  push.c 00000004
000000e0  sysreq.c 00000000	; funcidx
000000e8  stack 00000008
000000f0  const.alt ffffffff
000000f8  neq
000000fc  stor.pri 0000000c
00000104  break
00000108  push.c 000001d0
00000110  push.c 00000004
00000118  sysreq.c 00000000	; funcidx
00000120  stack 00000008
00000128  const.alt ffffffff
00000130  neq
00000134  stor.pri 00000010
0000013c  break
00000140  push.c 00000234
00000148  push.c 00000004
00000150  sysreq.c 00000000	; funcidx
00000158  stack 00000008
00000160  const.alt ffffffff
00000168  neq
0000016c  stor.pri 00000014
00000174  break
00000178  push.c 000002a8
00000180  push.c 00000004
00000188  sysreq.c 00000000	; funcidx
00000190  stack 00000008
00000198  const.alt ffffffff
000001a0  neq
000001a4  stor.pri 00000018
000001ac  break
000001b0  const.pri 00000001
000001b8  stor.pri 0000001c
000001c0  break
000001c4  push.c 00000000
000001cc  sysreq.c 00000001	; Streamer_RegisterInterface
000001d4  stack 00000004
000001dc  break
000001e0  push.c 0000031c
000001e8  push.c 00000004
000001f0  sysreq.c 00000000	; funcidx
000001f8  stack 00000008
00000200  const.alt ffffffff
00000208  jeq 00000240
00000210  break
00000214  push.c 000003fc
0000021c  push.c 0000038c
00000224  push.c 00000008
0000022c  sysreq.c 00000002	; CallLocalFunction
00000234  stack 0000000c
0000023c  retn
00000240  break
00000244  const.pri 00000001
0000024c  retn

00000250  proc	; OnGameModeInit
00000254  break
00000258  load.pri 0000001c
00000260  not
00000264  jzer 00000424
0000026c  break
00000270  push.c 00000400
00000278  push.c 00000004
00000280  sysreq.c 00000000	; funcidx
00000288  stack 00000008
00000290  const.alt ffffffff
00000298  neq
0000029c  stor.pri 00000000
000002a4  break
000002a8  push.c 00000464
000002b0  push.c 00000004
000002b8  sysreq.c 00000000	; funcidx
000002c0  stack 00000008
000002c8  const.alt ffffffff
000002d0  neq
000002d4  stor.pri 00000004
000002dc  break
000002e0  push.c 000004d4
000002e8  push.c 00000004
000002f0  sysreq.c 00000000	; funcidx
000002f8  stack 00000008
00000300  const.alt ffffffff
00000308  neq
0000030c  stor.pri 00000008
00000314  break
00000318  push.c 0000054c
00000320  push.c 00000004
00000328  sysreq.c 00000000	; funcidx
00000330  stack 00000008
00000338  const.alt ffffffff
00000340  neq
00000344  stor.pri 0000000c
0000034c  break
00000350  push.c 000005b0
00000358  push.c 00000004
00000360  sysreq.c 00000000	; funcidx
00000368  stack 00000008
00000370  const.alt ffffffff
00000378  neq
0000037c  stor.pri 00000010
00000384  break
00000388  push.c 00000614
00000390  push.c 00000004
00000398  sysreq.c 00000000	; funcidx
000003a0  stack 00000008
000003a8  const.alt ffffffff
000003b0  neq
000003b4  stor.pri 00000014
000003bc  break
000003c0  push.c 00000688
000003c8  push.c 00000004
000003d0  sysreq.c 00000000	; funcidx
000003d8  stack 00000008
000003e0  const.alt ffffffff
000003e8  neq
000003ec  stor.pri 00000018
000003f4  break
000003f8  const.pri 00000001
00000400  stor.pri 0000001c
00000408  break
0000040c  push.c 00000000
00000414  sysreq.c 00000001	; Streamer_RegisterInterface
0000041c  stack 00000004
00000424  break
00000428  push.c 000006fc
00000430  push.c 00000004
00000438  sysreq.c 00000000	; funcidx
00000440  stack 00000008
00000448  const.alt ffffffff
00000450  jeq 00000488
00000458  break
0000045c  push.c 000007bc
00000464  push.c 0000075c
0000046c  push.c 00000008
00000474  sysreq.c 00000002	; CallLocalFunction
0000047c  stack 0000000c
00000484  retn
00000488  break
0000048c  const.pri 00000001
00000494  retn

00000498  proc	; OnPlayerConnect
0000049c  break
000004a0  push.s 0000000c
000004a8  push.c 00000004
000004b0  sysreq.c 00000003	; IsPlayerNPC
000004b8  stack 00000008
000004c0  not
000004c4  jzer 000004f0
000004cc  break
000004d0  push.s 0000000c
000004d8  push.c 00000004
000004e0  sysreq.c 00000004	; Streamer_AddPlayer
000004e8  stack 00000008
000004f0  break
000004f4  load.pri 00000000
000004fc  jzer 0000053c
00000504  break
00000508  push.adr 0000000c
00000510  push.c 00000824
00000518  push.c 000007c0
00000520  push.c 0000000c
00000528  sysreq.c 00000002	; CallLocalFunction
00000530  stack 00000010
00000538  retn
0000053c  break
00000540  const.pri 00000001
00000548  retn

0000054c  proc	; OnPlayerDisconnect
00000550  break
00000554  push.s 0000000c
0000055c  push.c 00000004
00000564  sysreq.c 00000003	; IsPlayerNPC
0000056c  stack 00000008
00000574  not
00000578  jzer 000005a4
00000580  break
00000584  push.s 0000000c
0000058c  push.c 00000004
00000594  sysreq.c 00000005	; Streamer_RemovePlayer
0000059c  stack 00000008
000005a4  break
000005a8  load.pri 00000004
000005b0  jzer 000005f8
000005b8  break
000005bc  push.adr 00000010
000005c4  push.adr 0000000c
000005cc  push.c 0000089c
000005d4  push.c 0000082c
000005dc  push.c 00000010
000005e4  sysreq.c 00000002	; CallLocalFunction
000005ec  stack 00000014
000005f4  retn
000005f8  break
000005fc  const.pri 00000001
00000604  retn

00000608  proc	; OnPlayerPickUpPickup
0000060c  break
00000610  push.s 0000000c
00000618  push.c 00000004
00000620  sysreq.c 00000003	; IsPlayerNPC
00000628  stack 00000008
00000630  not
00000634  jzer 00000668
0000063c  break
00000640  push.s 00000010
00000648  push.s 0000000c
00000650  push.c 00000008
00000658  sysreq.c 00000006	; Streamer_VerifyPickup
00000660  stack 0000000c
00000668  break
0000066c  load.pri 00000008
00000674  jzer 000006bc
0000067c  break
00000680  push.adr 00000010
00000688  push.adr 0000000c
00000690  push.c 00000920
00000698  push.c 000008a8
000006a0  push.c 00000010
000006a8  sysreq.c 00000002	; CallLocalFunction
000006b0  stack 00000014
000006b8  retn
000006bc  break
000006c0  const.pri 00000001
000006c8  retn

000006cc  proc	; OnPlayerEnterCheckpoint
000006d0  break
000006d4  push.s 0000000c
000006dc  push.c 00000004
000006e4  sysreq.c 00000003	; IsPlayerNPC
000006ec  stack 00000008
000006f4  not
000006f8  jzer 00000734
00000700  break
00000704  push.c 00000000
0000070c  push.c 00000002
00000714  push.s 0000000c
0000071c  push.c 0000000c
00000724  sysreq.c 00000007	; Streamer_VerifyCheckpoint
0000072c  stack 00000010
00000734  break
00000738  load.pri 0000000c
00000740  jzer 00000780
00000748  break
0000074c  push.adr 0000000c
00000754  push.c 00000990
0000075c  push.c 0000092c
00000764  push.c 0000000c
0000076c  sysreq.c 00000002	; CallLocalFunction
00000774  stack 00000010
0000077c  retn
00000780  break
00000784  const.pri 00000001
0000078c  retn

00000790  proc	; OnPlayerLeaveCheckpoint
00000794  break
00000798  push.s 0000000c
000007a0  push.c 00000004
000007a8  sysreq.c 00000003	; IsPlayerNPC
000007b0  stack 00000008
000007b8  not
000007bc  jzer 000007f8
000007c4  break
000007c8  push.c 00000001
000007d0  push.c 00000002
000007d8  push.s 0000000c
000007e0  push.c 0000000c
000007e8  sysreq.c 00000007	; Streamer_VerifyCheckpoint
000007f0  stack 00000010
000007f8  break
000007fc  load.pri 00000010
00000804  jzer 00000844
0000080c  break
00000810  push.adr 0000000c
00000818  push.c 000009fc
00000820  push.c 00000998
00000828  push.c 0000000c
00000830  sysreq.c 00000002	; CallLocalFunction
00000838  stack 00000010
00000840  retn
00000844  break
00000848  const.pri 00000001
00000850  retn

00000854  proc	; OnPlayerEnterRaceCheckpoint
00000858  break
0000085c  push.s 0000000c
00000864  push.c 00000004
0000086c  sysreq.c 00000003	; IsPlayerNPC
00000874  stack 00000008
0000087c  not
00000880  jzer 000008bc
00000888  break
0000088c  push.c 00000000
00000894  push.c 00000003
0000089c  push.s 0000000c
000008a4  push.c 0000000c
000008ac  sysreq.c 00000007	; Streamer_VerifyCheckpoint
000008b4  stack 00000010
000008bc  break
000008c0  load.pri 00000014
000008c8  jzer 00000908
000008d0  break
000008d4  push.adr 0000000c
000008dc  push.c 00000a78
000008e4  push.c 00000a04
000008ec  push.c 0000000c
000008f4  sysreq.c 00000002	; CallLocalFunction
000008fc  stack 00000010
00000904  retn
00000908  break
0000090c  const.pri 00000001
00000914  retn

00000918  proc	; OnPlayerLeaveRaceCheckpoint
0000091c  break
00000920  push.s 0000000c
00000928  push.c 00000004
00000930  sysreq.c 00000003	; IsPlayerNPC
00000938  stack 00000008
00000940  not
00000944  jzer 00000980
0000094c  break
00000950  push.c 00000001
00000958  push.c 00000003
00000960  push.s 0000000c
00000968  push.c 0000000c
00000970  sysreq.c 00000007	; Streamer_VerifyCheckpoint
00000978  stack 00000010
00000980  break
00000984  load.pri 00000018
0000098c  jzer 000009cc
00000994  break
00000998  push.adr 0000000c
000009a0  push.c 00000af4
000009a8  push.c 00000a80
000009b0  push.c 0000000c
000009b8  sysreq.c 00000002	; CallLocalFunction
000009c0  stack 00000010
000009c8  retn
000009cc  break
000009d0  const.pri 00000001
000009d8  retn

000009dc  proc	; Streamer_PublicFunction
000009e0  break
000009e4  push.c 00000000
000009ec  break
000009f0  push.c 00000000
000009f8  push.c 00000000
00000a00  push.c 00000000
00000a08  push.c 00000000
00000a10  push.c 00000000
00000a18  push.c 00000000
00000a20  push.c 00000018
00000a28  sysreq.c 00000008	; CreatePickup
00000a30  stack 0000001c
00000a38  break
00000a3c  push.c 00000000
00000a44  push.c 00000000
00000a4c  push.c 00000000
00000a54  push.c 00000000
00000a5c  push.c 00000000
00000a64  push.c 00000000
00000a6c  push.c 00000000
00000a74  push.c 00000000
00000a7c  push.c 00000afc
00000a84  push.c 00000000
00000a8c  push.c 00000028
00000a94  sysreq.c 00000009	; CreatePlayer3DTextLabel
00000a9c  stack 0000002c
00000aa4  break
00000aa8  push.c 00000000
00000ab0  push.c 00000000
00000ab8  push.c 00000000
00000ac0  push.c 00000000
00000ac8  push.c 00000000
00000ad0  push.c 00000000
00000ad8  push.c 00000000
00000ae0  push.c 00000000
00000ae8  push.c 00000000
00000af0  push.c 00000024
00000af8  sysreq.c 0000000a	; CreatePlayerObject
00000b00  stack 00000028
00000b08  break
00000b0c  push.c 00000000
00000b14  push.c 00000000
00000b1c  push.c 00000008
00000b24  sysreq.c 0000000b	; DeletePlayer3DTextLabel
00000b2c  stack 0000000c
00000b34  break
00000b38  push.c 00000000
00000b40  push.c 00000004
00000b48  sysreq.c 0000000c	; DestroyPickup
00000b50  stack 00000008
00000b58  break
00000b5c  push.c 00000000
00000b64  push.c 00000000
00000b6c  push.c 00000008
00000b74  sysreq.c 0000000d	; DestroyPlayerObject
00000b7c  stack 0000000c
00000b84  break
00000b88  push.c 00000000
00000b90  push.c 00000004
00000b98  sysreq.c 0000000e	; DisablePlayerCheckpoint
00000ba0  stack 00000008
00000ba8  break
00000bac  push.c 00000000
00000bb4  push.c 00000004
00000bbc  sysreq.c 0000000f	; DisablePlayerRaceCheckpoint
00000bc4  stack 00000008
00000bcc  break
00000bd0  push.c 00000000
00000bd8  push.c 00000004
00000be0  sysreq.c 00000010	; GetPlayerInterior
00000be8  stack 00000008
00000bf0  break
00000bf4  push.adr fffffffc
00000bfc  push.adr fffffffc
00000c04  push.adr fffffffc
00000c0c  push.c 00000000
00000c14  push.c 00000010
00000c1c  sysreq.c 00000011	; GetPlayerPos
00000c24  stack 00000014
00000c2c  break
00000c30  push.c 00000000
00000c38  push.c 00000004
00000c40  sysreq.c 00000012	; GetPlayerState
00000c48  stack 00000008
00000c50  break
00000c54  push.c 00000000
00000c5c  push.c 00000004
00000c64  sysreq.c 00000013	; GetPlayerVirtualWorld
00000c6c  stack 00000008
00000c74  break
00000c78  push.adr fffffffc
00000c80  push.adr fffffffc
00000c88  push.adr fffffffc
00000c90  push.c 00000000
00000c98  push.c 00000010
00000ca0  sysreq.c 00000014	; GetVehiclePos
00000ca8  stack 00000014
00000cb0  break
00000cb4  push.c c47a0000
00000cbc  push.c c47a0000
00000cc4  push.c c47a0000
00000ccc  push.c 00000000
00000cd4  push.c 00000000
00000cdc  push.c 00000000
00000ce4  push.c 00000000
00000cec  push.c 00000000
00000cf4  push.c 00000000
00000cfc  push.c 00000024
00000d04  sysreq.c 00000015	; MovePlayerObject
00000d0c  stack 00000028
00000d14  break
00000d18  push.c 00000000
00000d20  push.c 00000000
00000d28  push.c 00000008
00000d30  sysreq.c 00000016	; RemovePlayerMapIcon
00000d38  stack 0000000c
00000d40  break
00000d44  push.c 00000000
00000d4c  push.c 00000000
00000d54  push.c 00000000
00000d5c  push.c 00000000
00000d64  push.c 00000000
00000d6c  push.c 00000014
00000d74  sysreq.c 00000017	; SetPlayerCheckpoint
00000d7c  stack 00000018
00000d84  break
00000d88  push.c 00000000
00000d90  push.c 00000000
00000d98  push.c 00000000
00000da0  push.c 00000000
00000da8  push.c 00000000
00000db0  push.c 00000000
00000db8  push.c 00000000
00000dc0  push.c 00000000
00000dc8  push.c 00000020
00000dd0  sysreq.c 00000018	; SetPlayerMapIcon
00000dd8  stack 00000024
00000de0  break
00000de4  push.c 00000000
00000dec  push.c 00000000
00000df4  push.c 00000000
00000dfc  push.c 00000000
00000e04  push.c 00000000
00000e0c  push.c 00000014
00000e14  sysreq.c 00000019	; SetPlayerObjectPos
00000e1c  stack 00000018
00000e24  break
00000e28  push.c 00000000
00000e30  push.c 00000000
00000e38  push.c 00000000
00000e40  push.c 00000000
00000e48  push.c 00000000
00000e50  push.c 00000014
00000e58  sysreq.c 0000001a	; SetPlayerObjectRot
00000e60  stack 00000018
00000e68  break
00000e6c  push.c 00000000
00000e74  push.c 00000000
00000e7c  push.c 00000000
00000e84  push.c 00000000
00000e8c  push.c 00000000
00000e94  push.c 00000000
00000e9c  push.c 00000000
00000ea4  push.c 00000000
00000eac  push.c 00000000
00000eb4  push.c 00000024
00000ebc  sysreq.c 0000001b	; SetPlayerRaceCheckpoint
00000ec4  stack 00000028
00000ecc  break
00000ed0  push.c 00000000
00000ed8  push.c 00000000
00000ee0  push.c 00000008
00000ee8  sysreq.c 0000001c	; StopPlayerObject
00000ef0  stack 0000000c
00000ef8  break
00000efc  push.c 00000b00
00000f04  push.c 00000000
00000f0c  push.c 00000000
00000f14  push.c 00000000
00000f1c  push.c 00000010
00000f24  sysreq.c 0000001d	; UpdatePlayer3DTextLabelText
00000f2c  stack 00000014
00000f34  break
00000f38  const.pri 00000001
00000f40  stack 00000004
00000f48  retn

00000f4c  proc	; Streamer_OnPlayerConnect
00000f50  break
00000f54  push.s 0000000c
00000f5c  push.c 00000004
00000f64  sysreq.c 00000003	; IsPlayerNPC
00000f6c  stack 00000008
00000f74  not
00000f78  jzer 00000fbc
00000f80  break
00000f84  push.c 000001f4
00000f8c  push.s 0000000c
00000f94  push.c 00000b0c
00000f9c  push.c 00000b08
00000fa4  push.c 00000010
00000fac  call 0000180c
00000fb4  jump 00000ff0
00000fbc  break
00000fc0  push.c 000001f4
00000fc8  push.s 0000000c
00000fd0  push.c 000012e4
00000fd8  push.c 000012e0
00000fe0  push.c 00000010
00000fe8  call 0000180c
00000ff0  break
00000ff4  push.c 000001f4
00000ffc  push.s 0000000c
00001004  push.c 00001abc
0000100c  push.c 00001ab8
00001014  push.c 00000010
0000101c  call 0000180c
00001024  break
00001028  load.pri 00000b04
00001030  const.alt 00000002
00001038  and
0000103c  jzer 00001078
00001044  break
00001048  push.adr 0000000c
00001050  push.c 000023a4
00001058  push.c 00002290
00001060  push.c 0000000c
00001068  sysreq.c 00000002	; CallLocalFunction
00001070  stack 00000010
00001078  break
0000107c  const.pri 00000001
00001084  retn

00001088  proc	; Streamer_OnFilterScriptInit
0000108c  break
00001090  push.c 000022e8
00001098  push.c 00000004
000010a0  sysreq.c 00000000	; funcidx
000010a8  stack 00000008
000010b0  const.alt ffffffff
000010b8  jeq 000010e0
000010c0  break
000010c4  load.pri 00000b04
000010cc  const.alt 00000001
000010d4  or
000010d8  stor.pri 00000b04
000010e0  break
000010e4  push.c 00002290
000010ec  push.c 00000004
000010f4  sysreq.c 00000000	; funcidx
000010fc  stack 00000008
00001104  const.alt ffffffff
0000110c  jeq 00001134
00001114  break
00001118  load.pri 00000b04
00001120  const.alt 00000002
00001128  or
0000112c  stor.pri 00000b04
00001134  break
00001138  push.c 000023a0
00001140  push.c 000023ac
00001148  push.c 00000008
00001150  sysreq.c 00000002	; CallLocalFunction
00001158  stack 0000000c
00001160  break
00001164  const.pri 00000001
0000116c  retn

00001170  proc	; Streamer_OnGameModeInit
00001174  break
00001178  push.c 000022e8
00001180  push.c 00000004
00001188  sysreq.c 00000000	; funcidx
00001190  stack 00000008
00001198  const.alt ffffffff
000011a0  jeq 000011c8
000011a8  break
000011ac  load.pri 00000b04
000011b4  const.alt 00000001
000011bc  or
000011c0  stor.pri 00000b04
000011c8  break
000011cc  push.c 00002290
000011d4  push.c 00000004
000011dc  sysreq.c 00000000	; funcidx
000011e4  stack 00000008
000011ec  const.alt ffffffff
000011f4  jeq 0000121c
000011fc  break
00001200  load.pri 00000b04
00001208  const.alt 00000002
00001210  or
00001214  stor.pri 00000b04
0000121c  break
00001220  load.pri 00000b08
00001228  not
0000122c  jzer 00001288
00001234  break
00001238  push.c 00000b08
00001240  push.c 00001ab8
00001248  push.c 000012e0
00001250  push.c 000023a0
00001258  push.c 0000234c
00001260  push.c 00000014
00001268  sysreq.c 00000002	; CallLocalFunction
00001270  stack 00000018
00001278  break
0000127c  const.pri 00000001
00001284  retn
00001288  break
0000128c  zero 000012e0
00001294  break
00001298  const.pri 000012e4
000012a0  add.c 000007d0
000012a8  move.alt
000012ac  const.pri 000001f4
000012b4  stor.i
000012b8  break
000012bc  const.pri 00001abc
000012c4  add.c 000007d0
000012cc  move.alt
000012d0  const.pri 000001f4
000012d8  stor.i
000012dc  break
000012e0  zero 00001ab8
000012e8  break
000012ec  push.c 000001f4
000012f4  push.c 000001f4
000012fc  break
00001300  zero 00000b08
00001308  break
0000130c  const.pri 00000b0c
00001314  add.c 000007d0
0000131c  move.alt
00001320  const.pri 000001f4
00001328  stor.i
0000132c  break
00001330  push.c 000001f4
00001338  break
0000133c  push.c 00000000
00001344  jump 00001358
0000134c  break
00001350  inc.s fffffff0
00001358  load.s.pri fffffff0
00001360  const.alt 000001f4
00001368  jeq 00001564
00001370  break
00001374  push.s fffffff0
0000137c  push.c 00000004
00001384  sysreq.c 0000001e	; IsPlayerConnected
0000138c  stack 00000008
00001394  jzer 000014cc
0000139c  break
000013a0  push.s fffffff0
000013a8  push.c 00000004
000013b0  sysreq.c 00000003	; IsPlayerNPC
000013b8  stack 00000008
000013c0  not
000013c4  jzer 00001424
000013cc  break
000013d0  const.alt 00000b0c
000013d8  load.s.pri fffffff4
000013e0  bounds 000001f4
000013e8  idxaddr
000013ec  move.alt
000013f0  load.s.pri fffffff0
000013f8  stor.i
000013fc  break
00001400  inc 00000b08
00001408  break
0000140c  load.s.pri fffffff0
00001414  stor.s.pri fffffff4
0000141c  jump 00001474
00001424  break
00001428  const.alt 000012e4
00001430  load.s.pri fffffffc
00001438  bounds 000001f4
00001440  idxaddr
00001444  move.alt
00001448  load.s.pri fffffff0
00001450  stor.i
00001454  break
00001458  inc 000012e0
00001460  break
00001464  load.s.pri fffffff0
0000146c  stor.s.pri fffffffc
00001474  break
00001478  const.alt 00001abc
00001480  load.s.pri fffffff8
00001488  bounds 000001f4
00001490  idxaddr
00001494  move.alt
00001498  load.s.pri fffffff0
000014a0  stor.i
000014a4  break
000014a8  inc 00001ab8
000014b0  break
000014b4  load.s.pri fffffff0
000014bc  stor.s.pri fffffff8
000014c4  jump 0000155c
000014cc  break
000014d0  const.alt 000012e4
000014d8  load.s.pri fffffff0
000014e0  bounds 000001f4
000014e8  idxaddr
000014ec  move.alt
000014f0  const.pri 000001f5
000014f8  stor.i
000014fc  break
00001500  const.alt 00001abc
00001508  load.s.pri fffffff0
00001510  bounds 000001f4
00001518  idxaddr
0000151c  move.alt
00001520  const.pri 000001f5
00001528  stor.i
0000152c  break
00001530  const.alt 00000b0c
00001538  load.s.pri fffffff0
00001540  bounds 000001f4
00001548  idxaddr
0000154c  move.alt
00001550  const.pri 000001f5
00001558  stor.i
0000155c  jump 0000134c
00001564  stack 00000004
0000156c  break
00001570  const.alt 000012e4
00001578  load.s.pri fffffff4
00001580  bounds 000001f4
00001588  idxaddr
0000158c  move.alt
00001590  const.pri 000001f4
00001598  stor.i
0000159c  break
000015a0  const.alt 00001abc
000015a8  load.s.pri fffffff4
000015b0  bounds 000001f4
000015b8  idxaddr
000015bc  move.alt
000015c0  const.pri 000001f4
000015c8  stor.i
000015cc  break
000015d0  const.alt 00000b0c
000015d8  load.s.pri fffffff4
000015e0  bounds 000001f4
000015e8  idxaddr
000015ec  move.alt
000015f0  const.pri 000001f4
000015f8  stor.i
000015fc  break
00001600  push.c 000023a0
00001608  push.c 0000234c
00001610  push.c 00000008
00001618  sysreq.c 00000002	; CallLocalFunction
00001620  stack 0000000c
00001628  break
0000162c  const.pri 00000001
00001634  stack 0000000c
0000163c  retn

00001640  proc	; Streamer_OnPlayerDisconnect
00001644  break
00001648  load.pri 00000b04
00001650  const.alt 00000001
00001658  and
0000165c  jzer 000016a0
00001664  break
00001668  push.adr 00000010
00001670  push.adr 0000000c
00001678  push.c 00002410
00001680  push.c 000022e8
00001688  push.c 00000010
00001690  sysreq.c 00000002	; CallLocalFunction
00001698  stack 00000014
000016a0  break
000016a4  push.adr 0000000c
000016ac  push.c 000023a4
000016b4  push.c 00000000
000016bc  push.c 00000000
000016c4  push.c 0000241c
000016cc  push.c 00000014
000016d4  sysreq.c 0000001f	; SetTimerEx
000016dc  stack 00000018
000016e4  break
000016e8  const.pri 00000001
000016f0  retn

000016f4  proc	; Itter_OPDCInternal
000016f8  break
000016fc  push.s 0000000c
00001704  push.c 00000004
0000170c  sysreq.c 0000001e	; IsPlayerConnected
00001714  stack 00000008
0000171c  jzer 00001730
00001724  break
00001728  zero.pri
0000172c  retn
00001730  break
00001734  push.s 0000000c
0000173c  push.c 00000004
00001744  sysreq.c 00000003	; IsPlayerNPC
0000174c  stack 00000008
00001754  not
00001758  jzer 0000179c
00001760  break
00001764  push.c 000001f4
0000176c  push.s 0000000c
00001774  push.c 00000b0c
0000177c  push.c 00000b08
00001784  push.c 00000010
0000178c  call 000019cc
00001794  jump 000017d0
0000179c  break
000017a0  push.c 000001f4
000017a8  push.s 0000000c
000017b0  push.c 000012e4
000017b8  push.c 000012e0
000017c0  push.c 00000010
000017c8  call 000019cc
000017d0  break
000017d4  push.c 000001f4
000017dc  push.s 0000000c
000017e4  push.c 00001abc
000017ec  push.c 00001ab8
000017f4  push.c 00000010
000017fc  call 000019cc
00001804  zero.pri
00001808  retn

0000180c  proc
00001810  break
00001814  load.s.pri 00000014
0000181c  zero.alt
00001820  xchg
00001824  sleq
00001828  push.pri
0000182c  load.s.pri 00000018
00001834  sgrtr
00001838  pop.alt
0000183c  and
00001840  jzer 00001880
00001848  load.s.pri 00000014
00001850  load.s.alt 00000010
00001858  idxaddr
0000185c  load.i
00001860  load.s.alt 00000018
00001868  jsleq 00001880
00001870  const.pri 00000001
00001878  jump 00001884
00001880  zero.pri
00001884  jzer 000019c0
0000188c  break
00001890  stack fffffffc
00001898  load.s.pri 00000018
000018a0  stor.s.pri fffffffc
000018a8  stack fffffffc
000018b0  load.s.pri fffffffc
000018b8  load.s.alt 00000010
000018c0  idxaddr
000018c4  load.i
000018c8  stor.s.pri fffffff8
000018d0  break
000018d4  break
000018d8  load.s.pri fffffff8
000018e0  load.s.alt 00000014
000018e8  jsgeq 00001930
000018f0  break
000018f4  load.s.pri fffffff8
000018fc  stor.s.pri fffffffc
00001904  break
00001908  load.s.pri fffffffc
00001910  load.s.alt 00000010
00001918  idxaddr
0000191c  load.i
00001920  stor.s.pri fffffff8
00001928  jump 000018d4
00001930  break
00001934  load.s.pri fffffffc
0000193c  load.s.alt 00000010
00001944  idxaddr
00001948  move.alt
0000194c  load.s.pri 00000014
00001954  stor.i
00001958  break
0000195c  load.s.pri 00000014
00001964  load.s.alt 00000010
0000196c  idxaddr
00001970  move.alt
00001974  load.s.pri fffffff8
0000197c  stor.i
00001980  break
00001984  push.pri
00001988  lref.s.pri 0000000c
00001990  inc.pri
00001994  sref.s.pri 0000000c
0000199c  pop.pri
000019a0  lref.s.pri 0000000c
000019a8  break
000019ac  const.pri 00000001
000019b4  stack 00000008
000019bc  retn
000019c0  break
000019c4  zero.pri
000019c8  retn

000019cc  proc
000019d0  break
000019d4  push.c 00000000
000019dc  break
000019e0  push.s 00000018
000019e8  push.adr fffffffc
000019f0  push.s 00000014
000019f8  push.s 00000010
00001a00  push.s 0000000c
00001a08  push.c 00000014
00001a10  call 00001a24
00001a18  stack 00000004
00001a20  retn

00001a24  proc
00001a28  break
00001a2c  load.s.pri 00000014
00001a34  zero.alt
00001a38  xchg
00001a3c  sleq
00001a40  push.pri
00001a44  load.s.pri 0000001c
00001a4c  sgrtr
00001a50  pop.alt
00001a54  and
00001a58  jzer 00001a98
00001a60  load.s.pri 00000014
00001a68  load.s.alt 00000010
00001a70  idxaddr
00001a74  load.i
00001a78  load.s.alt 0000001c
00001a80  jsgrtr 00001a98
00001a88  const.pri 00000001
00001a90  jump 00001a9c
00001a98  zero.pri
00001a9c  jzer 00001c0c
00001aa4  break
00001aa8  load.s.pri 0000001c
00001ab0  sref.s.pri 00000018
00001ab8  break
00001abc  stack fffffffc
00001ac4  load.s.pri 00000010
00001acc  push.pri
00001ad0  lref.s.pri 00000018
00001ad8  pop.alt
00001adc  idxaddr
00001ae0  load.i
00001ae4  stor.s.pri fffffffc
00001aec  break
00001af0  break
00001af4  load.s.pri 00000014
00001afc  load.s.alt fffffffc
00001b04  jeq 00001b54
00001b0c  break
00001b10  load.s.pri fffffffc
00001b18  sref.s.pri 00000018
00001b20  break
00001b24  load.s.pri 00000010
00001b2c  push.pri
00001b30  lref.s.pri 00000018
00001b38  pop.alt
00001b3c  idxaddr
00001b40  load.i
00001b44  stor.s.pri fffffffc
00001b4c  jump 00001af0
00001b54  break
00001b58  load.s.pri 00000010
00001b60  push.pri
00001b64  lref.s.pri 00000018
00001b6c  pop.alt
00001b70  idxaddr
00001b74  push.pri
00001b78  load.s.pri 00000014
00001b80  load.s.alt 00000010
00001b88  idxaddr
00001b8c  load.i
00001b90  pop.alt
00001b94  stor.i
00001b98  break
00001b9c  load.s.pri 00000014
00001ba4  load.s.alt 00000010
00001bac  idxaddr
00001bb0  push.pri
00001bb4  load.s.pri 0000001c
00001bbc  add.c 00000001
00001bc4  pop.alt
00001bc8  stor.i
00001bcc  break
00001bd0  push.pri
00001bd4  lref.s.pri 0000000c
00001bdc  dec.pri
00001be0  sref.s.pri 0000000c
00001be8  pop.pri
00001bec  lref.s.pri 0000000c
00001bf4  break
00001bf8  const.pri 00000001
00001c00  stack 00000004
00001c08  retn
00001c0c  break
00001c10  zero.pri
00001c14  retn

00001c18  proc
00001c1c  break
00001c20  push.c 00002468
00001c28  push.c 00000004
00001c30  sysreq.c 00000020	; print
00001c38  stack 00000008
00001c40  break
00001c44  push.c 000024f8
00001c4c  push.c 00000004
00001c54  sysreq.c 00000020	; print
00001c5c  stack 00000008
00001c64  break
00001c68  push.c 00002580
00001c70  push.c 00000004
00001c78  sysreq.c 00000020	; print
00001c80  stack 00000008
00001c88  zero.pri
00001c8c  retn

00001c90  proc	; Itter_OnGameModeInit
00001c94  break
00001c98  push.c 00002610
00001ca0  push.c 00000004
00001ca8  sysreq.c 00000021	; SetGameModeText
00001cb0  stack 00000008
00001cb8  break
00001cbc  push.c 00000000
00001cc4  push.c 00000000
00001ccc  push.c 00000000
00001cd4  push.c 00000000
00001cdc  push.c 00000000
00001ce4  push.c 00000000
00001cec  push.c 4386923d
00001cf4  push.c 4175fe5d
00001cfc  push.c 44a7e508
00001d04  push.c 44f4cc1b
00001d0c  push.c 00000000
00001d14  push.c 0000002c
00001d1c  sysreq.c 00000022	; AddPlayerClass
00001d24  stack 00000030
00001d2c  break
00001d30  const.pri 00000001
00001d38  retn

00001d3c  proc	; OnGameModeExit
00001d40  break
00001d44  const.pri 00000001
00001d4c  retn

00001d50  proc	; OnPlayerRequestClass
00001d54  break
00001d58  push.c 4175fe5d
00001d60  push.c 44a7e508
00001d68  push.c 44f4cc1b
00001d70  push.s 0000000c
00001d78  push.c 00000010
00001d80  sysreq.c 00000023	; SetPlayerPos
00001d88  stack 00000014
00001d90  break
00001d94  push.c 4175fe5d
00001d9c  push.c 44a7e508
00001da4  push.c 44f4cc1b
00001dac  push.s 0000000c
00001db4  push.c 00000010
00001dbc  sysreq.c 00000024	; SetPlayerCameraPos
00001dc4  stack 00000014
00001dcc  break
00001dd0  push.c 00000002
00001dd8  push.c 4175fe5d
00001de0  push.c 44a7e508
00001de8  push.c 44f4cc1b
00001df0  push.s 0000000c
00001df8  push.c 00000014
00001e00  sysreq.c 00000025	; SetPlayerCameraLookAt
00001e08  stack 00000018
00001e10  break
00001e14  const.pri 00000001
00001e1c  retn

00001e20  proc	; Itter_OnPlayerConnect
00001e24  break
00001e28  const.pri 00000001
00001e30  retn

00001e34  proc	; Itter_OnPlayerDisconnect
00001e38  break
00001e3c  const.pri 00000001
00001e44  retn

00001e48  proc	; OnPlayerSpawn
00001e4c  break
00001e50  const.pri 00000001
00001e58  retn

00001e5c  proc	; OnPlayerDeath
00001e60  break
00001e64  const.pri 00000001
00001e6c  retn

00001e70  proc	; OnVehicleSpawn
00001e74  break
00001e78  const.pri 00000001
00001e80  retn

00001e84  proc	; OnVehicleDeath
00001e88  break
00001e8c  const.pri 00000001
00001e94  retn

00001e98  proc	; OnPlayerText
00001e9c  break
00001ea0  const.pri 00000001
00001ea8  retn

00001eac  proc	; OnPlayerCommandText
00001eb0  break
00001eb4  push.c 0000000a
00001ebc  push.c 00000001
00001ec4  push.s 00000010
00001ecc  push.c 00002644
00001ed4  push.c 00000010
00001edc  sysreq.c 00000026	; strcmp
00001ee4  stack 00000014
00001eec  jnz 00001f04
00001ef4  break
00001ef8  const.pri 00000001
00001f00  retn
00001f04  break
00001f08  zero.pri
00001f0c  retn

00001f10  proc	; OnPlayerEnterVehicle
00001f14  break
00001f18  const.pri 00000001
00001f20  retn

00001f24  proc	; OnPlayerExitVehicle
00001f28  break
00001f2c  const.pri 00000001
00001f34  retn

00001f38  proc	; OnPlayerStateChange
00001f3c  break
00001f40  const.pri 00000001
00001f48  retn

00001f4c  proc	; Streamer_OnPlayerEnterCP
00001f50  break
00001f54  const.pri 00000001
00001f5c  retn

00001f60  proc	; Streamer_OnPlayerLeaveCP
00001f64  break
00001f68  const.pri 00000001
00001f70  retn

00001f74  proc	; Streamer_OnPlayerEnterRaceCP
00001f78  break
00001f7c  const.pri 00000001
00001f84  retn

00001f88  proc	; Streamer_OnPlayerLeaveRaceCP
00001f8c  break
00001f90  const.pri 00000001
00001f98  retn

00001f9c  proc	; OnRconCommand
00001fa0  break
00001fa4  const.pri 00000001
00001fac  retn

00001fb0  proc	; OnPlayerRequestSpawn
00001fb4  break
00001fb8  const.pri 00000001
00001fc0  retn

00001fc4  proc	; OnObjectMoved
00001fc8  break
00001fcc  const.pri 00000001
00001fd4  retn

00001fd8  proc	; OnPlayerObjectMoved
00001fdc  break
00001fe0  const.pri 00000001
00001fe8  retn

00001fec  proc	; Streamer_OnPlayerPickUpPickup
00001ff0  break
00001ff4  const.pri 00000001
00001ffc  retn

00002000  proc	; OnVehicleMod
00002004  break
00002008  const.pri 00000001
00002010  retn

00002014  proc	; OnVehiclePaintjob
00002018  break
0000201c  const.pri 00000001
00002024  retn

00002028  proc	; OnVehicleRespray
0000202c  break
00002030  const.pri 00000001
00002038  retn

0000203c  proc	; OnPlayerSelectedMenuRow
00002040  break
00002044  const.pri 00000001
0000204c  retn

00002050  proc	; OnPlayerExitedMenu
00002054  break
00002058  const.pri 00000001
00002060  retn

00002064  proc	; OnPlayerInteriorChange
00002068  break
0000206c  const.pri 00000001
00002074  retn

00002078  proc	; OnPlayerKeyStateChange
0000207c  break
00002080  const.pri 00000001
00002088  retn

0000208c  proc	; OnRconLoginAttempt
00002090  break
00002094  const.pri 00000001
0000209c  retn

000020a0  proc	; OnPlayerUpdate
000020a4  break
000020a8  const.pri 00000001
000020b0  retn

000020b4  proc	; OnPlayerStreamIn
000020b8  break
000020bc  const.pri 00000001
000020c4  retn

000020c8  proc	; OnPlayerStreamOut
000020cc  break
000020d0  const.pri 00000001
000020d8  retn

000020dc  proc	; OnVehicleStreamIn
000020e0  break
000020e4  const.pri 00000001
000020ec  retn

000020f0  proc	; OnVehicleStreamOut
000020f4  break
000020f8  const.pri 00000001
00002100  retn

00002104  proc	; OnDialogResponse
00002108  break
0000210c  const.pri 00000001
00002114  retn

00002118  proc	; OnPlayerClickPlayer
0000211c  break
00002120  const.pri 00000001
00002128  retn


;DATA
00000000  00000000 00000000 00000000 00000000                  
00000010  00000000 00000000 00000000 00000000                  
00000020  00000053 00000074 00000072 00000065     S   t   r   e
00000030  00000061 0000006d 00000065 00000072     a   m   e   r
00000040  0000005f 0000004f 0000006e 00000050     _   O   n   P
00000050  0000006c 00000061 00000079 00000065     l   a   y   e
00000060  00000072 00000043 0000006f 0000006e     r   C   o   n
00000070  0000006e 00000065 00000063 00000074     n   e   c   t
00000080  00000000 00000053 00000074 00000072         S   t   r
00000090  00000065 00000061 0000006d 00000065     e   a   m   e
000000a0  00000072 0000005f 0000004f 0000006e     r   _   O   n
000000b0  00000050 0000006c 00000061 00000079     P   l   a   y
000000c0  00000065 00000072 00000044 00000069     e   r   D   i
000000d0  00000073 00000063 0000006f 0000006e     s   c   o   n
000000e0  0000006e 00000065 00000063 00000074     n   e   c   t
000000f0  00000000 00000053 00000074 00000072         S   t   r
00000100  00000065 00000061 0000006d 00000065     e   a   m   e
00000110  00000072 0000005f 0000004f 0000006e     r   _   O   n
00000120  00000050 0000006c 00000061 00000079     P   l   a   y
00000130  00000065 00000072 00000050 00000069     e   r   P   i
00000140  00000063 0000006b 00000055 00000070     c   k   U   p
00000150  00000050 00000069 00000063 0000006b     P   i   c   k
00000160  00000075 00000070 00000000 00000053     u   p       S
00000170  00000074 00000072 00000065 00000061     t   r   e   a
00000180  0000006d 00000065 00000072 0000005f     m   e   r   _
00000190  0000004f 0000006e 00000050 0000006c     O   n   P   l
000001a0  00000061 00000079 00000065 00000072     a   y   e   r
000001b0  00000045 0000006e 00000074 00000065     E   n   t   e
000001c0  00000072 00000043 00000050 00000000     r   C   P    
000001d0  00000053 00000074 00000072 00000065     S   t   r   e
000001e0  00000061 0000006d 00000065 00000072     a   m   e   r
000001f0  0000005f 0000004f 0000006e 00000050     _   O   n   P
00000200  0000006c 00000061 00000079 00000065     l   a   y   e
00000210  00000072 0000004c 00000065 00000061     r   L   e   a
00000220  00000076 00000065 00000043 00000050     v   e   C   P
00000230  00000000 00000053 00000074 00000072         S   t   r
00000240  00000065 00000061 0000006d 00000065     e   a   m   e
00000250  00000072 0000005f 0000004f 0000006e     r   _   O   n
00000260  00000050 0000006c 00000061 00000079     P   l   a   y
00000270  00000065 00000072 00000045 0000006e     e   r   E   n
00000280  00000074 00000065 00000072 00000052     t   e   r   R
00000290  00000061 00000063 00000065 00000043     a   c   e   C
000002a0  00000050 00000000 00000053 00000074     P       S   t
000002b0  00000072 00000065 00000061 0000006d     r   e   a   m
000002c0  00000065 00000072 0000005f 0000004f     e   r   _   O
000002d0  0000006e 00000050 0000006c 00000061     n   P   l   a
000002e0  00000079 00000065 00000072 0000004c     y   e   r   L
000002f0  00000065 00000061 00000076 00000065     e   a   v   e
00000300  00000052 00000061 00000063 00000065     R   a   c   e
00000310  00000043 00000050 00000000 00000053     C   P       S
00000320  00000074 00000072 00000065 00000061     t   r   e   a
00000330  0000006d 00000065 00000072 0000005f     m   e   r   _
00000340  0000004f 0000006e 00000046 00000069     O   n   F   i
00000350  0000006c 00000074 00000065 00000072     l   t   e   r
00000360  00000053 00000063 00000072 00000069     S   c   r   i
00000370  00000070 00000074 00000049 0000006e     p   t   I   n
00000380  00000069 00000074 00000000 00000053     i   t       S
00000390  00000074 00000072 00000065 00000061     t   r   e   a
000003a0  0000006d 00000065 00000072 0000005f     m   e   r   _
000003b0  0000004f 0000006e 00000046 00000069     O   n   F   i
000003c0  0000006c 00000074 00000065 00000072     l   t   e   r
000003d0  00000053 00000063 00000072 00000069     S   c   r   i
000003e0  00000070 00000074 00000049 0000006e     p   t   I   n
000003f0  00000069 00000074 00000000 00000000     i   t        
00000400  00000053 00000074 00000072 00000065     S   t   r   e
00000410  00000061 0000006d 00000065 00000072     a   m   e   r
00000420  0000005f 0000004f 0000006e 00000050     _   O   n   P
00000430  0000006c 00000061 00000079 00000065     l   a   y   e
00000440  00000072 00000043 0000006f 0000006e     r   C   o   n
00000450  0000006e 00000065 00000063 00000074     n   e   c   t
00000460  00000000 00000053 00000074 00000072         S   t   r
00000470  00000065 00000061 0000006d 00000065     e   a   m   e
00000480  00000072 0000005f 0000004f 0000006e     r   _   O   n
00000490  00000050 0000006c 00000061 00000079     P   l   a   y
000004a0  00000065 00000072 00000044 00000069     e   r   D   i
000004b0  00000073 00000063 0000006f 0000006e     s   c   o   n
000004c0  0000006e 00000065 00000063 00000074     n   e   c   t
000004d0  00000000 00000053 00000074 00000072         S   t   r
000004e0  00000065 00000061 0000006d 00000065     e   a   m   e
000004f0  00000072 0000005f 0000004f 0000006e     r   _   O   n
00000500  00000050 0000006c 00000061 00000079     P   l   a   y
00000510  00000065 00000072 00000050 00000069     e   r   P   i
00000520  00000063 0000006b 00000055 00000070     c   k   U   p
00000530  00000050 00000069 00000063 0000006b     P   i   c   k
00000540  00000075 00000070 00000000 00000053     u   p       S
00000550  00000074 00000072 00000065 00000061     t   r   e   a
00000560  0000006d 00000065 00000072 0000005f     m   e   r   _
00000570  0000004f 0000006e 00000050 0000006c     O   n   P   l
00000580  00000061 00000079 00000065 00000072     a   y   e   r
00000590  00000045 0000006e 00000074 00000065     E   n   t   e
000005a0  00000072 00000043 00000050 00000000     r   C   P    
000005b0  00000053 00000074 00000072 00000065     S   t   r   e
000005c0  00000061 0000006d 00000065 00000072     a   m   e   r
000005d0  0000005f 0000004f 0000006e 00000050     _   O   n   P
000005e0  0000006c 00000061 00000079 00000065     l   a   y   e
000005f0  00000072 0000004c 00000065 00000061     r   L   e   a
00000600  00000076 00000065 00000043 00000050     v   e   C   P
00000610  00000000 00000053 00000074 00000072         S   t   r
00000620  00000065 00000061 0000006d 00000065     e   a   m   e
00000630  00000072 0000005f 0000004f 0000006e     r   _   O   n
00000640  00000050 0000006c 00000061 00000079     P   l   a   y
00000650  00000065 00000072 00000045 0000006e     e   r   E   n
00000660  00000074 00000065 00000072 00000052     t   e   r   R
00000670  00000061 00000063 00000065 00000043     a   c   e   C
00000680  00000050 00000000 00000053 00000074     P       S   t
00000690  00000072 00000065 00000061 0000006d     r   e   a   m
000006a0  00000065 00000072 0000005f 0000004f     e   r   _   O
000006b0  0000006e 00000050 0000006c 00000061     n   P   l   a
000006c0  00000079 00000065 00000072 0000004c     y   e   r   L
000006d0  00000065 00000061 00000076 00000065     e   a   v   e
000006e0  00000052 00000061 00000063 00000065     R   a   c   e
000006f0  00000043 00000050 00000000 00000053     C   P       S
00000700  00000074 00000072 00000065 00000061     t   r   e   a
00000710  0000006d 00000065 00000072 0000005f     m   e   r   _
00000720  0000004f 0000006e 00000047 00000061     O   n   G   a
00000730  0000006d 00000065 0000004d 0000006f     m   e   M   o
00000740  00000064 00000065 00000049 0000006e     d   e   I   n
00000750  00000069 00000074 00000000 00000053     i   t       S
00000760  00000074 00000072 00000065 00000061     t   r   e   a
00000770  0000006d 00000065 00000072 0000005f     m   e   r   _
00000780  0000004f 0000006e 00000047 00000061     O   n   G   a
00000790  0000006d 00000065 0000004d 0000006f     m   e   M   o
000007a0  00000064 00000065 00000049 0000006e     d   e   I   n
000007b0  00000069 00000074 00000000 00000000     i   t        
000007c0  00000053 00000074 00000072 00000065     S   t   r   e
000007d0  00000061 0000006d 00000065 00000072     a   m   e   r
000007e0  0000005f 0000004f 0000006e 00000050     _   O   n   P
000007f0  0000006c 00000061 00000079 00000065     l   a   y   e
00000800  00000072 00000043 0000006f 0000006e     r   C   o   n
00000810  0000006e 00000065 00000063 00000074     n   e   c   t
00000820  00000000 00000064 00000000 00000053         d       S
00000830  00000074 00000072 00000065 00000061     t   r   e   a
00000840  0000006d 00000065 00000072 0000005f     m   e   r   _
00000850  0000004f 0000006e 00000050 0000006c     O   n   P   l
00000860  00000061 00000079 00000065 00000072     a   y   e   r
00000870  00000044 00000069 00000073 00000063     D   i   s   c
00000880  0000006f 0000006e 0000006e 00000065     o   n   n   e
00000890  00000063 00000074 00000000 00000064     c   t       d
000008a0  00000064 00000000 00000053 00000074     d       S   t
000008b0  00000072 00000065 00000061 0000006d     r   e   a   m
000008c0  00000065 00000072 0000005f 0000004f     e   r   _   O
000008d0  0000006e 00000050 0000006c 00000061     n   P   l   a
000008e0  00000079 00000065 00000072 00000050     y   e   r   P
000008f0  00000069 00000063 0000006b 00000055     i   c   k   U
00000900  00000070 00000050 00000069 00000063     p   P   i   c
00000910  0000006b 00000075 00000070 00000000     k   u   p    
00000920  00000064 00000064 00000000 00000053     d   d       S
00000930  00000074 00000072 00000065 00000061     t   r   e   a
00000940  0000006d 00000065 00000072 0000005f     m   e   r   _
00000950  0000004f 0000006e 00000050 0000006c     O   n   P   l
00000960  00000061 00000079 00000065 00000072     a   y   e   r
00000970  00000045 0000006e 00000074 00000065     E   n   t   e
00000980  00000072 00000043 00000050 00000000     r   C   P    
00000990  00000064 00000000 00000053 00000074     d       S   t
000009a0  00000072 00000065 00000061 0000006d     r   e   a   m
000009b0  00000065 00000072 0000005f 0000004f     e   r   _   O
000009c0  0000006e 00000050 0000006c 00000061     n   P   l   a
000009d0  00000079 00000065 00000072 0000004c     y   e   r   L
000009e0  00000065 00000061 00000076 00000065     e   a   v   e
000009f0  00000043 00000050 00000000 00000064     C   P       d
00000a00  00000000 00000053 00000074 00000072         S   t   r
00000a10  00000065 00000061 0000006d 00000065     e   a   m   e
00000a20  00000072 0000005f 0000004f 0000006e     r   _   O   n
00000a30  00000050 0000006c 00000061 00000079     P   l   a   y
00000a40  00000065 00000072 00000045 0000006e     e   r   E   n
00000a50  00000074 00000065 00000072 00000052     t   e   r   R
00000a60  00000061 00000063 00000065 00000043     a   c   e   C
00000a70  00000050 00000000 00000064 00000000     P       d    
00000a80  00000053 00000074 00000072 00000065     S   t   r   e
00000a90  00000061 0000006d 00000065 00000072     a   m   e   r
00000aa0  0000005f 0000004f 0000006e 00000050     _   O   n   P
00000ab0  0000006c 00000061 00000079 00000065     l   a   y   e
00000ac0  00000072 0000004c 00000065 00000061     r   L   e   a
00000ad0  00000076 00000065 00000052 00000061     v   e   R   a
00000ae0  00000063 00000065 00000043 00000050     c   e   C   P
00000af0  00000000 00000064 00000000 00000000         d        
00000b00  00000000 00000000 00000000 000003e8                 è
00000b10  000003e7 000003e6 000003e5 000003e4     ç   æ   å   ä
00000b20  000003e3 000003e2 000003e1 000003e0     ã   â   á   à
00000b30  000003df 000003de 000003dd 000003dc     ß   Þ   Ý   Ü
00000b40  000003db 000003da 000003d9 000003d8     Û   Ú   Ù   Ø
00000b50  000003d7 000003d6 000003d5 000003d4     ×   Ö   Õ   Ô
00000b60  000003d3 000003d2 000003d1 000003d0     Ó   Ò   Ñ   Ð
00000b70  000003cf 000003ce 000003cd 000003cc     Ï   Î   Í   Ì
00000b80  000003cb 000003ca 000003c9 000003c8     Ë   Ê   É   È
00000b90  000003c7 000003c6 000003c5 000003c4     Ç   Æ   Å   Ä
00000ba0  000003c3 000003c2 000003c1 000003c0     Ã   Â   Á   À
00000bb0  000003bf 000003be 000003bd 000003bc     ¿   ¾   ½   ¼
00000bc0  000003bb 000003ba 000003b9 000003b8     »   º   ¹   ¸
00000bd0  000003b7 000003b6 000003b5 000003b4     ·   ¶   µ   ´
00000be0  000003b3 000003b2 000003b1 000003b0     ³   ²   ±   °
00000bf0  000003af 000003ae 000003ad 000003ac     ¯   ®   ­   ¬
00000c00  000003ab 000003aa 000003a9 000003a8     «   ª   ©   ¨
00000c10  000003a7 000003a6 000003a5 000003a4     §   ¦   ¥   ¤
00000c20  000003a3 000003a2 000003a1 000003a0     £   ¢   ¡    
00000c30  0000039f 0000039e 0000039d 0000039c     Ÿ   ž      œ
00000c40  0000039b 0000039a 00000399 00000398     ›   š   ™   ˜
00000c50  00000397 00000396 00000395 00000394     —   –   •   ”
00000c60  00000393 00000392 00000391 00000390     “   ’   ‘   
00000c70  0000038f 0000038e 0000038d 0000038c        Ž      Œ
00000c80  0000038b 0000038a 00000389 00000388     ‹   Š   ‰   ˆ
00000c90  00000387 00000386 00000385 00000384     ‡   †   …   „
00000ca0  00000383 00000382 00000381 00000380     ƒ   ‚      €
00000cb0  0000037f 0000037e 0000037d 0000037c        ~   }   |
00000cc0  0000037b 0000037a 00000379 00000378     {   z   y   x
00000cd0  00000377 00000376 00000375 00000374     w   v   u   t
00000ce0  00000373 00000372 00000371 00000370     s   r   q   p
00000cf0  0000036f 0000036e 0000036d 0000036c     o   n   m   l
00000d00  0000036b 0000036a 00000369 00000368     k   j   i   h
00000d10  00000367 00000366 00000365 00000364     g   f   e   d
00000d20  00000363 00000362 00000361 00000360     c   b   a   `
00000d30  0000035f 0000035e 0000035d 0000035c     _   ^   ]   \
00000d40  0000035b 0000035a 00000359 00000358     [   Z   Y   X
00000d50  00000357 00000356 00000355 00000354     W   V   U   T
00000d60  00000353 00000352 00000351 00000350     S   R   Q   P
00000d70  0000034f 0000034e 0000034d 0000034c     O   N   M   L
00000d80  0000034b 0000034a 00000349 00000348     K   J   I   H
00000d90  00000347 00000346 00000345 00000344     G   F   E   D
00000da0  00000343 00000342 00000341 00000340     C   B   A   @
00000db0  0000033f 0000033e 0000033d 0000033c     ?   >   =   <
00000dc0  0000033b 0000033a 00000339 00000338     ;   :   9   8
00000dd0  00000337 00000336 00000335 00000334     7   6   5   4
00000de0  00000333 00000332 00000331 00000330     3   2   1   0
00000df0  0000032f 0000032e 0000032d 0000032c     /   .   -   ,
00000e00  0000032b 0000032a 00000329 00000328     +   *   )   (
00000e10  00000327 00000326 00000325 00000324     '   &   %   $
00000e20  00000323 00000322 00000321 00000320     #   "   !    
00000e30  0000031f 0000031e 0000031d 0000031c                  
00000e40  0000031b 0000031a 00000319 00000318                  
00000e50  00000317 00000316 00000315 00000314                  
00000e60  00000313 00000312 00000311 00000310                  
00000e70  0000030f 0000030e 0000030d 0000030c                  
00000e80  0000030b 0000030a 00000309 00000308                  
00000e90  00000307 00000306 00000305 00000304                  
00000ea0  00000303 00000302 00000301 00000300                  
00000eb0  000002ff 000002fe 000002fd 000002fc     ÿ   þ   ý   ü
00000ec0  000002fb 000002fa 000002f9 000002f8     û   ú   ù   ø
00000ed0  000002f7 000002f6 000002f5 000002f4     ÷   ö   õ   ô
00000ee0  000002f3 000002f2 000002f1 000002f0     ó   ò   ñ   ð
00000ef0  000002ef 000002ee 000002ed 000002ec     ï   î   í   ì
00000f00  000002eb 000002ea 000002e9 000002e8     ë   ê   é   è
00000f10  000002e7 000002e6 000002e5 000002e4     ç   æ   å   ä
00000f20  000002e3 000002e2 000002e1 000002e0     ã   â   á   à
00000f30  000002df 000002de 000002dd 000002dc     ß   Þ   Ý   Ü
00000f40  000002db 000002da 000002d9 000002d8     Û   Ú   Ù   Ø
00000f50  000002d7 000002d6 000002d5 000002d4     ×   Ö   Õ   Ô
00000f60  000002d3 000002d2 000002d1 000002d0     Ó   Ò   Ñ   Ð
00000f70  000002cf 000002ce 000002cd 000002cc     Ï   Î   Í   Ì
00000f80  000002cb 000002ca 000002c9 000002c8     Ë   Ê   É   È
00000f90  000002c7 000002c6 000002c5 000002c4     Ç   Æ   Å   Ä
00000fa0  000002c3 000002c2 000002c1 000002c0     Ã   Â   Á   À
00000fb0  000002bf 000002be 000002bd 000002bc     ¿   ¾   ½   ¼
00000fc0  000002bb 000002ba 000002b9 000002b8     »   º   ¹   ¸
00000fd0  000002b7 000002b6 000002b5 000002b4     ·   ¶   µ   ´
00000fe0  000002b3 000002b2 000002b1 000002b0     ³   ²   ±   °
00000ff0  000002af 000002ae 000002ad 000002ac     ¯   ®   ­   ¬
00001000  000002ab 000002aa 000002a9 000002a8     «   ª   ©   ¨
00001010  000002a7 000002a6 000002a5 000002a4     §   ¦   ¥   ¤
00001020  000002a3 000002a2 000002a1 000002a0     £   ¢   ¡    
00001030  0000029f 0000029e 0000029d 0000029c     Ÿ   ž      œ
00001040  0000029b 0000029a 00000299 00000298     ›   š   ™   ˜
00001050  00000297 00000296 00000295 00000294     —   –   •   ”
00001060  00000293 00000292 00000291 00000290     “   ’   ‘   
00001070  0000028f 0000028e 0000028d 0000028c        Ž      Œ
00001080  0000028b 0000028a 00000289 00000288     ‹   Š   ‰   ˆ
00001090  00000287 00000286 00000285 00000284     ‡   †   …   „
000010a0  00000283 00000282 00000281 00000280     ƒ   ‚      €
000010b0  0000027f 0000027e 0000027d 0000027c        ~   }   |
000010c0  0000027b 0000027a 00000279 00000278     {   z   y   x
000010d0  00000277 00000276 00000275 00000274     w   v   u   t
000010e0  00000273 00000272 00000271 00000270     s   r   q   p
000010f0  0000026f 0000026e 0000026d 0000026c     o   n   m   l
00001100  0000026b 0000026a 00000269 00000268     k   j   i   h
00001110  00000267 00000266 00000265 00000264     g   f   e   d
00001120  00000263 00000262 00000261 00000260     c   b   a   `
00001130  0000025f 0000025e 0000025d 0000025c     _   ^   ]   \
00001140  0000025b 0000025a 00000259 00000258     [   Z   Y   X
00001150  00000257 00000256 00000255 00000254     W   V   U   T
00001160  00000253 00000252 00000251 00000250     S   R   Q   P
00001170  0000024f 0000024e 0000024d 0000024c     O   N   M   L
00001180  0000024b 0000024a 00000249 00000248     K   J   I   H
00001190  00000247 00000246 00000245 00000244     G   F   E   D
000011a0  00000243 00000242 00000241 00000240     C   B   A   @
000011b0  0000023f 0000023e 0000023d 0000023c     ?   >   =   <
000011c0  0000023b 0000023a 00000239 00000238     ;   :   9   8
000011d0  00000237 00000236 00000235 00000234     7   6   5   4
000011e0  00000233 00000232 00000231 00000230     3   2   1   0
000011f0  0000022f 0000022e 0000022d 0000022c     /   .   -   ,
00001200  0000022b 0000022a 00000229 00000228     +   *   )   (
00001210  00000227 00000226 00000225 00000224     '   &   %   $
00001220  00000223 00000222 00000221 00000220     #   "   !    
00001230  0000021f 0000021e 0000021d 0000021c                  
00001240  0000021b 0000021a 00000219 00000218                  
00001250  00000217 00000216 00000215 00000214                  
00001260  00000213 00000212 00000211 00000210                  
00001270  0000020f 0000020e 0000020d 0000020c                  
00001280  0000020b 0000020a 00000209 00000208                  
00001290  00000207 00000206 00000205 00000204                  
000012a0  00000203 00000202 00000201 00000200                  
000012b0  000001ff 000001fe 000001fd 000001fc     ÿ   þ   ý   ü
000012c0  000001fb 000001fa 000001f9 000001f8     û   ú   ù   ø
000012d0  000001f7 000001f6 000001f5 000001f4     ÷   ö   õ   ô
000012e0  00000000 000003e8 000003e7 000003e6         è   ç   æ
000012f0  000003e5 000003e4 000003e3 000003e2     å   ä   ã   â
00001300  000003e1 000003e0 000003df 000003de     á   à   ß   Þ
00001310  000003dd 000003dc 000003db 000003da     Ý   Ü   Û   Ú
00001320  000003d9 000003d8 000003d7 000003d6     Ù   Ø   ×   Ö
00001330  000003d5 000003d4 000003d3 000003d2     Õ   Ô   Ó   Ò
00001340  000003d1 000003d0 000003cf 000003ce     Ñ   Ð   Ï   Î
00001350  000003cd 000003cc 000003cb 000003ca     Í   Ì   Ë   Ê
00001360  000003c9 000003c8 000003c7 000003c6     É   È   Ç   Æ
00001370  000003c5 000003c4 000003c3 000003c2     Å   Ä   Ã   Â
00001380  000003c1 000003c0 000003bf 000003be     Á   À   ¿   ¾
00001390  000003bd 000003bc 000003bb 000003ba     ½   ¼   »   º
000013a0  000003b9 000003b8 000003b7 000003b6     ¹   ¸   ·   ¶
000013b0  000003b5 000003b4 000003b3 000003b2     µ   ´   ³   ²
000013c0  000003b1 000003b0 000003af 000003ae     ±   °   ¯   ®
000013d0  000003ad 000003ac 000003ab 000003aa     ­   ¬   «   ª
000013e0  000003a9 000003a8 000003a7 000003a6     ©   ¨   §   ¦
000013f0  000003a5 000003a4 000003a3 000003a2     ¥   ¤   £   ¢
00001400  000003a1 000003a0 0000039f 0000039e     ¡       Ÿ   ž
00001410  0000039d 0000039c 0000039b 0000039a        œ   ›   š
00001420  00000399 00000398 00000397 00000396     ™   ˜   —   –
00001430  00000395 00000394 00000393 00000392     •   ”   “   ’
00001440  00000391 00000390 0000038f 0000038e     ‘         Ž
00001450  0000038d 0000038c 0000038b 0000038a        Œ   ‹   Š
00001460  00000389 00000388 00000387 00000386     ‰   ˆ   ‡   †
00001470  00000385 00000384 00000383 00000382     …   „   ƒ   ‚
00001480  00000381 00000380 0000037f 0000037e        €      ~
00001490  0000037d 0000037c 0000037b 0000037a     }   |   {   z
000014a0  00000379 00000378 00000377 00000376     y   x   w   v
000014b0  00000375 00000374 00000373 00000372     u   t   s   r
000014c0  00000371 00000370 0000036f 0000036e     q   p   o   n
000014d0  0000036d 0000036c 0000036b 0000036a     m   l   k   j
000014e0  00000369 00000368 00000367 00000366     i   h   g   f
000014f0  00000365 00000364 00000363 00000362     e   d   c   b
00001500  00000361 00000360 0000035f 0000035e     a   `   _   ^
00001510  0000035d 0000035c 0000035b 0000035a     ]   \   [   Z
00001520  00000359 00000358 00000357 00000356     Y   X   W   V
00001530  00000355 00000354 00000353 00000352     U   T   S   R
00001540  00000351 00000350 0000034f 0000034e     Q   P   O   N
00001550  0000034d 0000034c 0000034b 0000034a     M   L   K   J
00001560  00000349 00000348 00000347 00000346     I   H   G   F
00001570  00000345 00000344 00000343 00000342     E   D   C   B
00001580  00000341 00000340 0000033f 0000033e     A   @   ?   >
00001590  0000033d 0000033c 0000033b 0000033a     =   <   ;   :
000015a0  00000339 00000338 00000337 00000336     9   8   7   6
000015b0  00000335 00000334 00000333 00000332     5   4   3   2
000015c0  00000331 00000330 0000032f 0000032e     1   0   /   .
000015d0  0000032d 0000032c 0000032b 0000032a     -   ,   +   *
000015e0  00000329 00000328 00000327 00000326     )   (   '   &
000015f0  00000325 00000324 00000323 00000322     %   $   #   "
00001600  00000321 00000320 0000031f 0000031e     !            
00001610  0000031d 0000031c 0000031b 0000031a                  
00001620  00000319 00000318 00000317 00000316                  
00001630  00000315 00000314 00000313 00000312                  
00001640  00000311 00000310 0000030f 0000030e                  
00001650  0000030d 0000030c 0000030b 0000030a                  
00001660  00000309 00000308 00000307 00000306                  
00001670  00000305 00000304 00000303 00000302                  
00001680  00000301 00000300 000002ff 000002fe             ÿ   þ
00001690  000002fd 000002fc 000002fb 000002fa     ý   ü   û   ú
000016a0  000002f9 000002f8 000002f7 000002f6     ù   ø   ÷   ö
000016b0  000002f5 000002f4 000002f3 000002f2     õ   ô   ó   ò
000016c0  000002f1 000002f0 000002ef 000002ee     ñ   ð   ï   î
000016d0  000002ed 000002ec 000002eb 000002ea     í   ì   ë   ê
000016e0  000002e9 000002e8 000002e7 000002e6     é   è   ç   æ
000016f0  000002e5 000002e4 000002e3 000002e2     å   ä   ã   â
00001700  000002e1 000002e0 000002df 000002de     á   à   ß   Þ
00001710  000002dd 000002dc 000002db 000002da     Ý   Ü   Û   Ú
00001720  000002d9 000002d8 000002d7 000002d6     Ù   Ø   ×   Ö
00001730  000002d5 000002d4 000002d3 000002d2     Õ   Ô   Ó   Ò
00001740  000002d1 000002d0 000002cf 000002ce     Ñ   Ð   Ï   Î
00001750  000002cd 000002cc 000002cb 000002ca     Í   Ì   Ë   Ê
00001760  000002c9 000002c8 000002c7 000002c6     É   È   Ç   Æ
00001770  000002c5 000002c4 000002c3 000002c2     Å   Ä   Ã   Â
00001780  000002c1 000002c0 000002bf 000002be     Á   À   ¿   ¾
00001790  000002bd 000002bc 000002bb 000002ba     ½   ¼   »   º
000017a0  000002b9 000002b8 000002b7 000002b6     ¹   ¸   ·   ¶
000017b0  000002b5 000002b4 000002b3 000002b2     µ   ´   ³   ²
000017c0  000002b1 000002b0 000002af 000002ae     ±   °   ¯   ®
000017d0  000002ad 000002ac 000002ab 000002aa     ­   ¬   «   ª
000017e0  000002a9 000002a8 000002a7 000002a6     ©   ¨   §   ¦
000017f0  000002a5 000002a4 000002a3 000002a2     ¥   ¤   £   ¢
00001800  000002a1 000002a0 0000029f 0000029e     ¡       Ÿ   ž
00001810  0000029d 0000029c 0000029b 0000029a        œ   ›   š
00001820  00000299 00000298 00000297 00000296     ™   ˜   —   –
00001830  00000295 00000294 00000293 00000292     •   ”   “   ’
00001840  00000291 00000290 0000028f 0000028e     ‘         Ž
00001850  0000028d 0000028c 0000028b 0000028a        Œ   ‹   Š
00001860  00000289 00000288 00000287 00000286     ‰   ˆ   ‡   †
00001870  00000285 00000284 00000283 00000282     …   „   ƒ   ‚
00001880  00000281 00000280 0000027f 0000027e        €      ~
00001890  0000027d 0000027c 0000027b 0000027a     }   |   {   z
000018a0  00000279 00000278 00000277 00000276     y   x   w   v
000018b0  00000275 00000274 00000273 00000272     u   t   s   r
000018c0  00000271 00000270 0000026f 0000026e     q   p   o   n
000018d0  0000026d 0000026c 0000026b 0000026a     m   l   k   j
000018e0  00000269 00000268 00000267 00000266     i   h   g   f
000018f0  00000265 00000264 00000263 00000262     e   d   c   b
00001900  00000261 00000260 0000025f 0000025e     a   `   _   ^
00001910  0000025d 0000025c 0000025b 0000025a     ]   \   [   Z
00001920  00000259 00000258 00000257 00000256     Y   X   W   V
00001930  00000255 00000254 00000253 00000252     U   T   S   R
00001940  00000251 00000250 0000024f 0000024e     Q   P   O   N
00001950  0000024d 0000024c 0000024b 0000024a     M   L   K   J
00001960  00000249 00000248 00000247 00000246     I   H   G   F
00001970  00000245 00000244 00000243 00000242     E   D   C   B
00001980  00000241 00000240 0000023f 0000023e     A   @   ?   >
00001990  0000023d 0000023c 0000023b 0000023a     =   <   ;   :
000019a0  00000239 00000238 00000237 00000236     9   8   7   6
000019b0  00000235 00000234 00000233 00000232     5   4   3   2
000019c0  00000231 00000230 0000022f 0000022e     1   0   /   .
000019d0  0000022d 0000022c 0000022b 0000022a     -   ,   +   *
000019e0  00000229 00000228 00000227 00000226     )   (   '   &
000019f0  00000225 00000224 00000223 00000222     %   $   #   "
00001a00  00000221 00000220 0000021f 0000021e     !            
00001a10  0000021d 0000021c 0000021b 0000021a                  
00001a20  00000219 00000218 00000217 00000216                  
00001a30  00000215 00000214 00000213 00000212                  
00001a40  00000211 00000210 0000020f 0000020e                  
00001a50  0000020d 0000020c 0000020b 0000020a                  
00001a60  00000209 00000208 00000207 00000206                  
00001a70  00000205 00000204 00000203 00000202                  
00001a80  00000201 00000200 000001ff 000001fe             ÿ   þ
00001a90  000001fd 000001fc 000001fb 000001fa     ý   ü   û   ú
00001aa0  000001f9 000001f8 000001f7 000001f6     ù   ø   ÷   ö
00001ab0  000001f5 000001f4 00000000 000003e8     õ   ô       è
00001ac0  000003e7 000003e6 000003e5 000003e4     ç   æ   å   ä
00001ad0  000003e3 000003e2 000003e1 000003e0     ã   â   á   à
00001ae0  000003df 000003de 000003dd 000003dc     ß   Þ   Ý   Ü
00001af0  000003db 000003da 000003d9 000003d8     Û   Ú   Ù   Ø
00001b00  000003d7 000003d6 000003d5 000003d4     ×   Ö   Õ   Ô
00001b10  000003d3 000003d2 000003d1 000003d0     Ó   Ò   Ñ   Ð
00001b20  000003cf 000003ce 000003cd 000003cc     Ï   Î   Í   Ì
00001b30  000003cb 000003ca 000003c9 000003c8     Ë   Ê   É   È
00001b40  000003c7 000003c6 000003c5 000003c4     Ç   Æ   Å   Ä
00001b50  000003c3 000003c2 000003c1 000003c0     Ã   Â   Á   À
00001b60  000003bf 000003be 000003bd 000003bc     ¿   ¾   ½   ¼
00001b70  000003bb 000003ba 000003b9 000003b8     »   º   ¹   ¸
00001b80  000003b7 000003b6 000003b5 000003b4     ·   ¶   µ   ´
00001b90  000003b3 000003b2 000003b1 000003b0     ³   ²   ±   °
00001ba0  000003af 000003ae 000003ad 000003ac     ¯   ®   ­   ¬
00001bb0  000003ab 000003aa 000003a9 000003a8     «   ª   ©   ¨
00001bc0  000003a7 000003a6 000003a5 000003a4     §   ¦   ¥   ¤
00001bd0  000003a3 000003a2 000003a1 000003a0     £   ¢   ¡    
00001be0  0000039f 0000039e 0000039d 0000039c     Ÿ   ž      œ
00001bf0  0000039b 0000039a 00000399 00000398     ›   š   ™   ˜
00001c00  00000397 00000396 00000395 00000394     —   –   •   ”
00001c10  00000393 00000392 00000391 00000390     “   ’   ‘   
00001c20  0000038f 0000038e 0000038d 0000038c        Ž      Œ
00001c30  0000038b 0000038a 00000389 00000388     ‹   Š   ‰   ˆ
00001c40  00000387 00000386 00000385 00000384     ‡   †   …   „
00001c50  00000383 00000382 00000381 00000380     ƒ   ‚      €
00001c60  0000037f 0000037e 0000037d 0000037c        ~   }   |
00001c70  0000037b 0000037a 00000379 00000378     {   z   y   x
00001c80  00000377 00000376 00000375 00000374     w   v   u   t
00001c90  00000373 00000372 00000371 00000370     s   r   q   p
00001ca0  0000036f 0000036e 0000036d 0000036c     o   n   m   l
00001cb0  0000036b 0000036a 00000369 00000368     k   j   i   h
00001cc0  00000367 00000366 00000365 00000364     g   f   e   d
00001cd0  00000363 00000362 00000361 00000360     c   b   a   `
00001ce0  0000035f 0000035e 0000035d 0000035c     _   ^   ]   \
00001cf0  0000035b 0000035a 00000359 00000358     [   Z   Y   X
00001d00  00000357 00000356 00000355 00000354     W   V   U   T
00001d10  00000353 00000352 00000351 00000350     S   R   Q   P
00001d20  0000034f 0000034e 0000034d 0000034c     O   N   M   L
00001d30  0000034b 0000034a 00000349 00000348     K   J   I   H
00001d40  00000347 00000346 00000345 00000344     G   F   E   D
00001d50  00000343 00000342 00000341 00000340     C   B   A   @
00001d60  0000033f 0000033e 0000033d 0000033c     ?   >   =   <
00001d70  0000033b 0000033a 00000339 00000338     ;   :   9   8
00001d80  00000337 00000336 00000335 00000334     7   6   5   4
00001d90  00000333 00000332 00000331 00000330     3   2   1   0
00001da0  0000032f 0000032e 0000032d 0000032c     /   .   -   ,
00001db0  0000032b 0000032a 00000329 00000328     +   *   )   (
00001dc0  00000327 00000326 00000325 00000324     '   &   %   $
00001dd0  00000323 00000322 00000321 00000320     #   "   !    
00001de0  0000031f 0000031e 0000031d 0000031c                  
00001df0  0000031b 0000031a 00000319 00000318                  
00001e00  00000317 00000316 00000315 00000314                  
00001e10  00000313 00000312 00000311 00000310                  
00001e20  0000030f 0000030e 0000030d 0000030c                  
00001e30  0000030b 0000030a 00000309 00000308                  
00001e40  00000307 00000306 00000305 00000304                  
00001e50  00000303 00000302 00000301 00000300                  
00001e60  000002ff 000002fe 000002fd 000002fc     ÿ   þ   ý   ü
00001e70  000002fb 000002fa 000002f9 000002f8     û   ú   ù   ø
00001e80  000002f7 000002f6 000002f5 000002f4     ÷   ö   õ   ô
00001e90  000002f3 000002f2 000002f1 000002f0     ó   ò   ñ   ð
00001ea0  000002ef 000002ee 000002ed 000002ec     ï   î   í   ì
00001eb0  000002eb 000002ea 000002e9 000002e8     ë   ê   é   è
00001ec0  000002e7 000002e6 000002e5 000002e4     ç   æ   å   ä
00001ed0  000002e3 000002e2 000002e1 000002e0     ã   â   á   à
00001ee0  000002df 000002de 000002dd 000002dc     ß   Þ   Ý   Ü
00001ef0  000002db 000002da 000002d9 000002d8     Û   Ú   Ù   Ø
00001f00  000002d7 000002d6 000002d5 000002d4     ×   Ö   Õ   Ô
00001f10  000002d3 000002d2 000002d1 000002d0     Ó   Ò   Ñ   Ð
00001f20  000002cf 000002ce 000002cd 000002cc     Ï   Î   Í   Ì
00001f30  000002cb 000002ca 000002c9 000002c8     Ë   Ê   É   È
00001f40  000002c7 000002c6 000002c5 000002c4     Ç   Æ   Å   Ä
00001f50  000002c3 000002c2 000002c1 000002c0     Ã   Â   Á   À
00001f60  000002bf 000002be 000002bd 000002bc     ¿   ¾   ½   ¼
00001f70  000002bb 000002ba 000002b9 000002b8     »   º   ¹   ¸
00001f80  000002b7 000002b6 000002b5 000002b4     ·   ¶   µ   ´
00001f90  000002b3 000002b2 000002b1 000002b0     ³   ²   ±   °
00001fa0  000002af 000002ae 000002ad 000002ac     ¯   ®   ­   ¬
00001fb0  000002ab 000002aa 000002a9 000002a8     «   ª   ©   ¨
00001fc0  000002a7 000002a6 000002a5 000002a4     §   ¦   ¥   ¤
00001fd0  000002a3 000002a2 000002a1 000002a0     £   ¢   ¡    
00001fe0  0000029f 0000029e 0000029d 0000029c     Ÿ   ž      œ
00001ff0  0000029b 0000029a 00000299 00000298     ›   š   ™   ˜
00002000  00000297 00000296 00000295 00000294     —   –   •   ”
00002010  00000293 00000292 00000291 00000290     “   ’   ‘   
00002020  0000028f 0000028e 0000028d 0000028c        Ž      Œ
00002030  0000028b 0000028a 00000289 00000288     ‹   Š   ‰   ˆ
00002040  00000287 00000286 00000285 00000284     ‡   †   …   „
00002050  00000283 00000282 00000281 00000280     ƒ   ‚      €
00002060  0000027f 0000027e 0000027d 0000027c        ~   }   |
00002070  0000027b 0000027a 00000279 00000278     {   z   y   x
00002080  00000277 00000276 00000275 00000274     w   v   u   t
00002090  00000273 00000272 00000271 00000270     s   r   q   p
000020a0  0000026f 0000026e 0000026d 0000026c     o   n   m   l
000020b0  0000026b 0000026a 00000269 00000268     k   j   i   h
000020c0  00000267 00000266 00000265 00000264     g   f   e   d
000020d0  00000263 00000262 00000261 00000260     c   b   a   `
000020e0  0000025f 0000025e 0000025d 0000025c     _   ^   ]   \
000020f0  0000025b 0000025a 00000259 00000258     [   Z   Y   X
00002100  00000257 00000256 00000255 00000254     W   V   U   T
00002110  00000253 00000252 00000251 00000250     S   R   Q   P
00002120  0000024f 0000024e 0000024d 0000024c     O   N   M   L
00002130  0000024b 0000024a 00000249 00000248     K   J   I   H
00002140  00000247 00000246 00000245 00000244     G   F   E   D
00002150  00000243 00000242 00000241 00000240     C   B   A   @
00002160  0000023f 0000023e 0000023d 0000023c     ?   >   =   <
00002170  0000023b 0000023a 00000239 00000238     ;   :   9   8
00002180  00000237 00000236 00000235 00000234     7   6   5   4
00002190  00000233 00000232 00000231 00000230     3   2   1   0
000021a0  0000022f 0000022e 0000022d 0000022c     /   .   -   ,
000021b0  0000022b 0000022a 00000229 00000228     +   *   )   (
000021c0  00000227 00000226 00000225 00000224     '   &   %   $
000021d0  00000223 00000222 00000221 00000220     #   "   !    
000021e0  0000021f 0000021e 0000021d 0000021c                  
000021f0  0000021b 0000021a 00000219 00000218                  
00002200  00000217 00000216 00000215 00000214                  
00002210  00000213 00000212 00000211 00000210                  
00002220  0000020f 0000020e 0000020d 0000020c                  
00002230  0000020b 0000020a 00000209 00000208                  
00002240  00000207 00000206 00000205 00000204                  
00002250  00000203 00000202 00000201 00000200                  
00002260  000001ff 000001fe 000001fd 000001fc     ÿ   þ   ý   ü
00002270  000001fb 000001fa 000001f9 000001f8     û   ú   ù   ø
00002280  000001f7 000001f6 000001f5 000001f4     ÷   ö   õ   ô
00002290  00000049 00000074 00000074 00000065     I   t   t   e
000022a0  00000072 0000005f 0000004f 0000006e     r   _   O   n
000022b0  00000050 0000006c 00000061 00000079     P   l   a   y
000022c0  00000065 00000072 00000043 0000006f     e   r   C   o
000022d0  0000006e 0000006e 00000065 00000063     n   n   e   c
000022e0  00000074 00000000 00000049 00000074     t       I   t
000022f0  00000074 00000065 00000072 0000005f     t   e   r   _
00002300  0000004f 0000006e 00000050 0000006c     O   n   P   l
00002310  00000061 00000079 00000065 00000072     a   y   e   r
00002320  00000044 00000069 00000073 00000063     D   i   s   c
00002330  0000006f 0000006e 0000006e 00000065     o   n   n   e
00002340  00000063 00000074 00000000 00000049     c   t       I
00002350  00000074 00000074 00000065 00000072     t   t   e   r
00002360  0000005f 0000004f 0000006e 00000047     _   O   n   G
00002370  00000061 0000006d 00000065 0000004d     a   m   e   M
00002380  0000006f 00000064 00000065 00000049     o   d   e   I
00002390  0000006e 00000069 00000074 00000000     n   i   t    
000023a0  00000000 00000069 00000000 00000049         i       I
000023b0  00000074 00000074 00000065 00000072     t   t   e   r
000023c0  0000005f 0000004f 0000006e 00000046     _   O   n   F
000023d0  00000069 0000006c 00000074 00000065     i   l   t   e
000023e0  00000072 00000053 00000063 00000072     r   S   c   r
000023f0  00000069 00000070 00000074 00000049     i   p   t   I
00002400  0000006e 00000069 00000074 00000000     n   i   t    
00002410  00000069 00000069 00000000 00000049     i   i       I
00002420  00000074 00000074 00000065 00000072     t   t   e   r
00002430  0000005f 0000004f 00000050 00000044     _   O   P   D
00002440  00000043 00000049 0000006e 00000074     C   I   n   t
00002450  00000065 00000072 0000006e 00000061     e   r   n   a
00002460  0000006c 00000000 0000000a 0000002d     l           -
00002470  0000002d 0000002d 0000002d 0000002d     -   -   -   -
00002480  0000002d 0000002d 0000002d 0000002d     -   -   -   -
00002490  0000002d 0000002d 0000002d 0000002d     -   -   -   -
000024a0  0000002d 0000002d 0000002d 0000002d     -   -   -   -
000024b0  0000002d 0000002d 0000002d 0000002d     -   -   -   -
000024c0  0000002d 0000002d 0000002d 0000002d     -   -   -   -
000024d0  0000002d 0000002d 0000002d 0000002d     -   -   -   -
000024e0  0000002d 0000002d 0000002d 0000002d     -   -   -   -
000024f0  0000002d 00000000 00000020 00000042     -           B
00002500  0000006c 00000061 0000006e 0000006b     l   a   n   k
00002510  00000020 00000047 00000061 0000006d         G   a   m
00002520  00000065 0000006d 0000006f 00000064     e   m   o   d
00002530  00000065 00000020 00000062 00000079     e       b   y
00002540  00000020 00000079 0000006f 00000075         y   o   u
00002550  00000072 00000020 0000006e 00000061     r       n   a
00002560  0000006d 00000065 00000020 00000068     m   e       h
00002570  00000065 00000072 00000065 00000000     e   r   e    
00002580  0000002d 0000002d 0000002d 0000002d     -   -   -   -
00002590  0000002d 0000002d 0000002d 0000002d     -   -   -   -
000025a0  0000002d 0000002d 0000002d 0000002d     -   -   -   -
000025b0  0000002d 0000002d 0000002d 0000002d     -   -   -   -
000025c0  0000002d 0000002d 0000002d 0000002d     -   -   -   -
000025d0  0000002d 0000002d 0000002d 0000002d     -   -   -   -
000025e0  0000002d 0000002d 0000002d 0000002d     -   -   -   -
000025f0  0000002d 0000002d 0000002d 0000002d     -   -   -   -
00002600  0000002d 0000002d 0000000a 00000000     -   -        
00002610  00000042 0000006c 00000061 0000006e     B   l   a   n
00002620  0000006b 00000020 00000053 00000063     k       S   c
00002630  00000072 00000069 00000070 00000074     r   i   p   t
00002640  00000000 0000002f 0000006d 00000079         /   m   y
00002650  00000063 0000006f 0000006d 0000006d     c   o   m   m
00002660  00000061 0000006e 00000064 00000000     a   n   d    